<?xml version="1.0" encoding="UTF-8"?>
<!-- Generated by org.testng.reporters.JUnitReportReporter -->
<testsuite hostname="DESKTOP-SS6U1AJ" failures="0" tests="2" name="com.test.SimpleAnnotationTest" time="4.522" errors="0" timestamp="2022-02-17T00:02:15 IST" skipped="0">
  <testcase classname="com.test.SimpleAnnotationTest" name="clickElectronis" time="2.071"/>
  <system-out/>
  <testcase classname="com.test.SimpleAnnotationTest" name="clickApparel" time="2.451"/>
  <system-out/>
</testsuite> <!-- com.test.SimpleAnnotationTest -->
