<?xml version="1.0" encoding="UTF-8"?>
<!-- Generated by org.testng.reporters.JUnitReportReporter -->
<testsuite hostname="DESKTOP-SS6U1AJ" failures="0" tests="3" name="Maven.Maven_Project.TimeoutTestExample" time="6.036" errors="0" timestamp="2022-02-24T13:11:09 IST" skipped="0">
  <testcase classname="Maven.Maven_Project.TimeoutTestExample" name="test6" time="3.010"/>
  <system-out/>
  <testcase classname="Maven.Maven_Project.TimeoutTestExample" name="test5" time="0.016"/>
  <system-out/>
  <testcase classname="Maven.Maven_Project.TimeoutTestExample" name="test7" time="3.010"/>
  <system-out/>
</testsuite> <!-- Maven.Maven_Project.TimeoutTestExample -->
