<?xml version="1.0" encoding="UTF-8"?>
<!-- Generated by org.testng.reporters.JUnitReportReporter -->
<testsuite hostname="DESKTOP-SS6U1AJ" failures="0" tests="3" name="Maven.Maven_Project.IgnoreTest" time="0.022" errors="0" timestamp="2022-02-16T18:40:09 IST" skipped="2">
  <testcase classname="Maven.Maven_Project.IgnoreTest" name="iphone" time="0.022"/>
  <system-out/>
  <testcase classname="Maven.Maven_Project.IgnoreTest" name="samsung">
    <skipped/>
  </testcase> <!-- samsung -->
  <system-out/>
  <testcase classname="Maven.Maven_Project.IgnoreTest" name="realme">
    <skipped/>
  </testcase> <!-- realme -->
  <system-out/>
</testsuite> <!-- Maven.Maven_Project.IgnoreTest -->
