<?xml version="1.0" encoding="UTF-8"?>
<!-- Generated by org.testng.reporters.JUnitReportReporter -->
<testsuite hostname="DESKTOP-SS6U1AJ" failures="0" tests="3" name="Maven.Maven_Project.DependencyTestExample" time="0.019" errors="0" timestamp="2022-02-23T22:44:52 IST" skipped="0">
  <testcase classname="Maven.Maven_Project.DependencyTestExample" name="test5" time="0.015"/>
  <system-out/>
  <testcase classname="Maven.Maven_Project.DependencyTestExample" name="test7" time="0.003"/>
  <system-out/>
  <testcase classname="Maven.Maven_Project.DependencyTestExample" name="test6" time="0.001"/>
  <system-out/>
</testsuite> <!-- Maven.Maven_Project.DependencyTestExample -->
