<?xml version="1.0" encoding="UTF-8"?>
<!-- Generated by org.testng.reporters.JUnitReportReporter -->
<testsuite hostname="DESKTOP-SS6U1AJ" failures="0" tests="2" name="Maven.Maven_Project.GroupTestExample" time="0.020" errors="0" timestamp="2022-02-23T18:19:36 IST" skipped="0">
  <testcase classname="Maven.Maven_Project.GroupTestExample" name="lap" time="0.017"/>
  <system-out/>
  <testcase classname="Maven.Maven_Project.GroupTestExample" name="laptop" time="0.003"/>
  <system-out/>
</testsuite> <!-- Maven.Maven_Project.GroupTestExample -->
