<?xml version="1.0" encoding="UTF-8"?>
<!-- Generated by org.testng.reporters.JUnitReportReporter -->
<testsuite hostname="DESKTOP-SS6U1AJ" failures="0" tests="4" name="Maven.Maven_Project.PrirityTestExample" time="0.024" errors="0" timestamp="2022-02-23T13:53:28 IST" skipped="0">
  <testcase classname="Maven.Maven_Project.PrirityTestExample" name="laptop" time="0.016"/>
  <system-out/>
  <testcase classname="Maven.Maven_Project.PrirityTestExample" name="tv" time="0.003"/>
  <system-out/>
  <testcase classname="Maven.Maven_Project.PrirityTestExample" name="watch" time="0.003"/>
  <system-out/>
  <testcase classname="Maven.Maven_Project.PrirityTestExample" name="mobile" time="0.002"/>
  <system-out/>
</testsuite> <!-- Maven.Maven_Project.PrirityTestExample -->
