<?xml version="1.0" encoding="UTF-8"?>
<!-- Generated by org.testng.reporters.JUnitReportReporter -->
<testsuite hostname="DESKTOP-SS6U1AJ" failures="0" tests="3" name="Maven.Maven_Project.DataproviderTrainingCentre" time="16.780" errors="0" timestamp="2022-02-24T22:29:07 IST" skipped="0">
  <testcase classname="Maven.Maven_Project.DataproviderTrainingCentre" name="login" time="6.266"/>
  <system-out/>
  <testcase classname="Maven.Maven_Project.DataproviderTrainingCentre" name="login" time="5.116"/>
  <system-out/>
  <testcase classname="Maven.Maven_Project.DataproviderTrainingCentre" name="login" time="5.398"/>
  <system-out/>
</testsuite> <!-- Maven.Maven_Project.DataproviderTrainingCentre -->
