<?xml version="1.0" encoding="UTF-8"?>
<!-- Generated by org.testng.reporters.JUnitReportReporter -->
<testsuite hostname="DESKTOP-SS6U1AJ" failures="0" tests="2" name="com.test.ExtendsReports" time="6.463" errors="0" timestamp="2022-02-26T00:05:15 IST" skipped="0">
  <testcase classname="com.test.ExtendsReports" name="opengoogle" time="4.672"/>
  <system-out/>
  <testcase classname="com.test.ExtendsReports" name="openwikipidia" time="1.791"/>
  <system-out/>
</testsuite> <!-- com.test.ExtendsReports -->
