<?xml version="1.0" encoding="UTF-8"?>
<!-- Generated by org.testng.reporters.JUnitReportReporter -->
<testsuite hostname="DESKTOP-SS6U1AJ" failures="0" tests="1" name="Maven.Maven_Project.ReportKoushik" time="0.015" errors="0" timestamp="2022-02-20T17:01:57 IST" skipped="0">
  <testcase classname="Maven.Maven_Project.ReportKoushik" name="myTest" time="0.015"/>
  <system-out/>
</testsuite> <!-- Maven.Maven_Project.ReportKoushik -->
