<?xml version="1.0" encoding="UTF-8"?>
<!-- Generated by org.testng.reporters.JUnitReportReporter -->
<testsuite hostname="DESKTOP-SS6U1AJ" failures="0" tests="2" name="com.test.SimpleAnnotationTamil" time="12.949" errors="0" timestamp="2022-02-17T00:03:16 IST" skipped="0">
  <testcase classname="com.test.SimpleAnnotationTamil" name="searchTshirt" time="3.753"/>
  <system-out/>
  <testcase classname="com.test.SimpleAnnotationTamil" name="searchLaptop" time="9.196"/>
  <system-out/>
</testsuite> <!-- com.test.SimpleAnnotationTamil -->
