<?xml version="1.0" encoding="UTF-8"?>
<!-- Generated by org.testng.reporters.JUnitReportReporter -->
<testsuite hostname="DESKTOP-SS6U1AJ" failures="0" tests="8" name="com.test.Demowesite1" time="20.003" errors="0" timestamp="2022-02-24T07:57:19 IST" skipped="0">
  <testcase classname="com.test.Demowesite1" name="select" time="0.705"/>
  <system-out/>
  <testcase classname="com.test.Demowesite1" name="datepic" time="0.562"/>
  <system-out/>
  <testcase classname="com.test.Demowesite1" name="Alert" time="0.317"/>
  <system-out/>
  <testcase classname="com.test.Demowesite1" name="getLaples" time="0.121"/>
  <system-out/>
  <testcase classname="com.test.Demowesite1" name="drag" time="12.346"/>
  <system-out/>
  <testcase classname="com.test.Demowesite1" name="signUp" time="5.137"/>
  <system-out/>
  <testcase classname="com.test.Demowesite1" name="SearchWikipidia" time="0.425"/>
  <system-out/>
  <testcase classname="com.test.Demowesite1" name="age" time="0.390"/>
  <system-out/>
</testsuite> <!-- com.test.Demowesite1 -->
