<?xml version="1.0" encoding="UTF-8"?>
<!-- Generated by org.testng.reporters.JUnitReportReporter -->
<testsuite hostname="DESKTOP-SS6U1AJ" failures="0" tests="2" name="Maven.Maven_Project.Parellel" time="27.283" errors="0" timestamp="2022-02-16T21:01:03 IST" skipped="0">
  <testcase classname="Maven.Maven_Project.Parellel" name="amazon" time="11.714"/>
  <system-out/>
  <testcase classname="Maven.Maven_Project.Parellel" name="amazon1" time="15.569"/>
  <system-out/>
</testsuite> <!-- Maven.Maven_Project.Parellel -->
