<?xml version="1.0" encoding="UTF-8"?>
<!-- Generated by org.testng.reporters.JUnitReportReporter -->
<testsuite hostname="DESKTOP-SS6U1AJ" failures="0" tests="1" name="com.test.Project" time="0.225" errors="0" timestamp="2022-02-20T16:54:25 IST" skipped="0">
  <testcase classname="com.test.Project" name="search" time="0.225"/>
  <system-out/>
</testsuite> <!-- com.test.Project -->
