<?xml version="1.0" encoding="UTF-8"?>
<!-- Generated by org.testng.reporters.JUnitReportReporter -->
<testsuite hostname="DESKTOP-SS6U1AJ" failures="0" tests="2" name="Maven.Maven_Project.SimpleAnnotation" time="0.015" errors="0" timestamp="2022-02-16T18:54:53 IST" skipped="0">
  <testcase classname="Maven.Maven_Project.SimpleAnnotation" name="test5" time="0.012"/>
  <system-out/>
  <testcase classname="Maven.Maven_Project.SimpleAnnotation" name="test6" time="0.003"/>
  <system-out/>
</testsuite> <!-- Maven.Maven_Project.SimpleAnnotation -->
