<?xml version="1.0" encoding="UTF-8"?>
<!-- Generated by org.testng.reporters.JUnitReportReporter -->
<testsuite hostname="DESKTOP-SS6U1AJ" failures="0" tests="11" name="Maven.Maven_Project.InvocationCount" time="0.035" errors="0" timestamp="2022-02-16T19:46:04 IST" skipped="0">
  <testcase classname="Maven.Maven_Project.InvocationCount" name="books" time="0.004"/>
  <system-out/>
  <testcase classname="Maven.Maven_Project.InvocationCount" name="pendrive" time="0.002"/>
  <system-out/>
  <testcase classname="Maven.Maven_Project.InvocationCount" name="mobile" time="0.002"/>
  <system-out/>
  <testcase classname="Maven.Maven_Project.InvocationCount" name="mobile" time="0.001"/>
  <system-out/>
  <testcase classname="Maven.Maven_Project.InvocationCount" name="mobile" time="0.002"/>
  <system-out/>
  <testcase classname="Maven.Maven_Project.InvocationCount" name="mobile" time="0.002"/>
  <system-out/>
  <testcase classname="Maven.Maven_Project.InvocationCount" name="mobile" time="0.002"/>
  <system-out/>
  <testcase classname="Maven.Maven_Project.InvocationCount" name="books" time="0.014"/>
  <system-out/>
  <testcase classname="Maven.Maven_Project.InvocationCount" name="laptop" time="0.002"/>
  <system-out/>
  <testcase classname="Maven.Maven_Project.InvocationCount" name="pendrive" time="0.002"/>
  <system-out/>
  <testcase classname="Maven.Maven_Project.InvocationCount" name="pendrive" time="0.002"/>
  <system-out/>
</testsuite> <!-- Maven.Maven_Project.InvocationCount -->
