<?xml version="1.0" encoding="UTF-8"?>
<!-- Generated by org.testng.reporters.JUnitReportReporter -->
<testsuite hostname="DESKTOP-SS6U1AJ" failures="0" tests="3" name="Maven.Maven_Project.DataProviderExample" time="15.258" errors="0" timestamp="2022-02-24T22:09:52 IST" skipped="0">
  <testcase classname="Maven.Maven_Project.DataProviderExample" name="login" time="5.111"/>
  <system-out/>
  <testcase classname="Maven.Maven_Project.DataProviderExample" name="login" time="5.848"/>
  <system-out/>
  <testcase classname="Maven.Maven_Project.DataProviderExample" name="login" time="4.299"/>
  <system-out/>
</testsuite> <!-- Maven.Maven_Project.DataProviderExample -->
