<?xml version="1.0" encoding="UTF-8"?>
<!-- Generated by org.testng.reporters.JUnitReportReporter -->
<testsuite hostname="DESKTOP-SS6U1AJ" failures="0" tests="11" name="Maven.Maven_Project.InvocationCountExample" time="0.038" errors="0" timestamp="2022-02-17T10:57:10 IST" skipped="0">
  <testcase classname="Maven.Maven_Project.InvocationCountExample" name="books" time="0.004"/>
  <system-out/>
  <testcase classname="Maven.Maven_Project.InvocationCountExample" name="pendrive" time="0.001"/>
  <system-out/>
  <testcase classname="Maven.Maven_Project.InvocationCountExample" name="mobile" time="0.002"/>
  <system-out/>
  <testcase classname="Maven.Maven_Project.InvocationCountExample" name="mobile" time="0.002"/>
  <system-out/>
  <testcase classname="Maven.Maven_Project.InvocationCountExample" name="mobile" time="0.002"/>
  <system-out/>
  <testcase classname="Maven.Maven_Project.InvocationCountExample" name="mobile" time="0.003"/>
  <system-out/>
  <testcase classname="Maven.Maven_Project.InvocationCountExample" name="mobile" time="0.002"/>
  <system-out/>
  <testcase classname="Maven.Maven_Project.InvocationCountExample" name="books" time="0.015"/>
  <system-out/>
  <testcase classname="Maven.Maven_Project.InvocationCountExample" name="laptop" time="0.003"/>
  <system-out/>
  <testcase classname="Maven.Maven_Project.InvocationCountExample" name="pendrive" time="0.002"/>
  <system-out/>
  <testcase classname="Maven.Maven_Project.InvocationCountExample" name="pendrive" time="0.002"/>
  <system-out/>
</testsuite> <!-- Maven.Maven_Project.InvocationCountExample -->
