<?xml version="1.0" encoding="UTF-8"?>
<!-- Generated by org.testng.reporters.JUnitReportReporter -->
<testsuite hostname="DESKTOP-SS6U1AJ" failures="0" tests="3" name="Maven.Maven_Project.ExceptionTest" time="0.019" errors="0" timestamp="2022-02-24T14:33:32 IST" skipped="0">
  <testcase classname="Maven.Maven_Project.ExceptionTest" name="divided" time="0.002"/>
  <system-out/>
  <testcase classname="Maven.Maven_Project.ExceptionTest" name="add" time="0.014"/>
  <system-out/>
  <testcase classname="Maven.Maven_Project.ExceptionTest" name="array" time="0.003"/>
  <system-out/>
</testsuite> <!-- Maven.Maven_Project.ExceptionTest -->
