<?xml version="1.0" encoding="UTF-8"?>
<!-- Generated by org.testng.reporters.JUnitReportReporter -->
<testsuite hostname="DESKTOP-SS6U1AJ" failures="0" tests="2" name="com.test.Test" time="5.015" errors="0" timestamp="2022-02-15T22:43:08 IST" skipped="0">
  <testcase classname="com.test.Test" name="clickApparel" time="2.577"/>
  <system-out/>
  <testcase classname="com.test.Test" name="clickElectronis" time="2.438"/>
  <system-out/>
</testsuite> <!-- com.test.Test -->
