<?xml version="1.0" encoding="UTF-8"?>
<!-- Generated by org.testng.reporters.JUnitReportReporter -->
<testsuite hostname="DESKTOP-SS6U1AJ" failures="0" tests="3" name="Maven.Maven_Project.IgnoreTestExample" time="0.019" errors="0" timestamp="2022-02-23T19:08:30 IST" skipped="2">
  <testcase classname="Maven.Maven_Project.IgnoreTestExample" name="iphone" time="0.019"/>
  <system-out/>
  <testcase classname="Maven.Maven_Project.IgnoreTestExample" name="realme">
    <skipped/>
  </testcase> <!-- realme -->
  <system-out/>
  <testcase classname="Maven.Maven_Project.IgnoreTestExample" name="samsung">
    <skipped/>
  </testcase> <!-- samsung -->
  <system-out/>
</testsuite> <!-- Maven.Maven_Project.IgnoreTestExample -->
