<?xml version="1.0" encoding="UTF-8"?>
<!-- Generated by org.testng.reporters.JUnitReportReporter -->
<testsuite hostname="DESKTOP-SS6U1AJ" failures="0" tests="1" name="com.test.TestWebPage" time="3.388" errors="0" timestamp="2022-02-20T22:08:53 IST" skipped="0">
  <testcase classname="com.test.TestWebPage" name="searchmobile" time="3.388"/>
  <system-out/>
</testsuite> <!-- com.test.TestWebPage -->
