<?xml version="1.0" encoding="UTF-8"?>
<!-- Generated by org.testng.reporters.JUnitReportReporter -->
<testsuite hostname="DESKTOP-SS6U1AJ" failures="0" tests="8" name="com.test.DemoWebSite" time="5.497" errors="0" timestamp="2022-02-26T00:18:52 IST" skipped="0">
  <testcase classname="com.test.DemoWebSite" name="signUp" time="3.961"/>
  <system-out/>
  <testcase classname="com.test.DemoWebSite" name="getLaples" time="0.086"/>
  <system-out/>
  <testcase classname="com.test.DemoWebSite" name="datepic" time="0.285"/>
  <system-out/>
  <testcase classname="com.test.DemoWebSite" name="SearchWikipidia" time="0.259"/>
  <system-out/>
  <testcase classname="com.test.DemoWebSite" name="age" time="0.152"/>
  <system-out/>
  <testcase classname="com.test.DemoWebSite" name="drag" time="0.387"/>
  <system-out/>
  <testcase classname="com.test.DemoWebSite" name="select" time="0.264"/>
  <system-out/>
  <testcase classname="com.test.DemoWebSite" name="Alert" time="0.103"/>
  <system-out/>
</testsuite> <!-- com.test.DemoWebSite -->
