<?xml version="1.0" encoding="UTF-8"?>
<!-- Generated by org.testng.reporters.JUnitReportReporter -->
<testsuite hostname="DESKTOP-SS6U1AJ" failures="0" tests="4" name="com.test.IgnoreTest" time="3.779" errors="0" timestamp="2022-02-17T07:52:12 IST" skipped="2">
  <testcase classname="com.test.IgnoreTest" name="click" time="0.694"/>
  <system-out/>
  <testcase classname="com.test.IgnoreTest" name="text" time="3.085"/>
  <system-out/>
  <testcase classname="com.test.IgnoreTest" name="send">
    <skipped/>
  </testcase> <!-- send -->
  <system-out/>
  <testcase classname="com.test.IgnoreTest" name="email">
    <skipped/>
  </testcase> <!-- email -->
  <system-out/>
</testsuite> <!-- com.test.IgnoreTest -->
