<?xml version="1.0" encoding="UTF-8"?>
<!-- Generated by org.testng.reporters.JUnitReportReporter -->
<testsuite hostname="DESKTOP-SS6U1AJ" failures="0" tests="2" name="Maven.Maven_Project.SimpleAnnotationTestExample" time="0.015" errors="0" timestamp="2022-02-20T01:11:43 IST" skipped="0">
  <testcase classname="Maven.Maven_Project.SimpleAnnotationTestExample" name="test5" time="0.011"/>
  <system-out/>
  <testcase classname="Maven.Maven_Project.SimpleAnnotationTestExample" name="test6" time="0.004"/>
  <system-out/>
</testsuite> <!-- Maven.Maven_Project.SimpleAnnotationTestExample -->
